<?xml version="1.0" encoding="UTF-8"?>
<robot generator="Robot 6.1.1 (Python 3.11.4 on win32)" generated="20230823 21:51:43.921" rpa="false" schemaversion="4">
<suite id="s1" name="Login" source="c:\Users\pc\Desktop\Matheus\RobotFramework\login.robot">
<test id="s1-t1" name="AdicionarItemNoCarrinho" line="44">
<kw name="Abrir Browser">
<kw name="Open Browser" library="SeleniumLibrary">
<arg>${url}</arg>
<arg>${navegador}</arg>
<doc>Opens a new browser instance to the optional ``url``.</doc>
<msg timestamp="20230823 21:51:44.318" level="INFO">Opening browser 'chrome' to base url 'https://automationteststore.com/'.</msg>
<status status="PASS" starttime="20230823 21:51:44.317" endtime="20230823 21:52:04.777"/>
</kw>
<kw name="Maximize Browser Window" library="SeleniumLibrary">
<doc>Maximizes current browser window.</doc>
<status status="PASS" starttime="20230823 21:52:04.777" endtime="20230823 21:52:04.899"/>
</kw>
<status status="PASS" starttime="20230823 21:51:44.317" endtime="20230823 21:52:04.900"/>
</kw>
<kw name="Logar">
<kw name="Click Link" library="SeleniumLibrary">
<arg>Login or register</arg>
<doc>Clicks a link identified by ``locator``.</doc>
<msg timestamp="20230823 21:52:04.902" level="INFO">Clicking link 'Login or register'.</msg>
<status status="PASS" starttime="20230823 21:52:04.901" endtime="20230823 21:52:05.663"/>
</kw>
<kw name="Input Text" library="SeleniumLibrary">
<arg>id=loginFrm_loginname</arg>
<arg>${usuario}</arg>
<doc>Types the given ``text`` into the text field identified by ``locator``.</doc>
<msg timestamp="20230823 21:52:05.664" level="INFO">Typing text 'Garurumonx' into text field 'id=loginFrm_loginname'.</msg>
<status status="PASS" starttime="20230823 21:52:05.663" endtime="20230823 21:52:05.819"/>
</kw>
<kw name="Input Text" library="SeleniumLibrary">
<arg>id=loginFrm_password</arg>
<arg>${senha}</arg>
<doc>Types the given ``text`` into the text field identified by ``locator``.</doc>
<msg timestamp="20230823 21:52:05.821" level="INFO">Typing text 'Garurumon10@' into text field 'id=loginFrm_password'.</msg>
<status status="PASS" starttime="20230823 21:52:05.820" endtime="20230823 21:52:05.949"/>
</kw>
<kw name="Click Element" library="SeleniumLibrary">
<arg>xpath=//div[2]/div/form//button</arg>
<doc>Click the element identified by ``locator``.</doc>
<msg timestamp="20230823 21:52:05.951" level="INFO">Clicking element 'xpath=//div[2]/div/form//button'.</msg>
<status status="PASS" starttime="20230823 21:52:05.950" endtime="20230823 21:52:06.965"/>
</kw>
<status status="PASS" starttime="20230823 21:52:04.900" endtime="20230823 21:52:06.965"/>
</kw>
<kw name="Adicionar">
<kw name="Click Element" library="SeleniumLibrary">
<arg>xpath=//nav/ul/li[5]/a</arg>
<doc>Click the element identified by ``locator``.</doc>
<msg timestamp="20230823 21:52:06.969" level="INFO">Clicking element 'xpath=//nav/ul/li[5]/a'.</msg>
<status status="PASS" starttime="20230823 21:52:06.968" endtime="20230823 21:52:13.263"/>
</kw>
<kw name="Click Element" library="SeleniumLibrary">
<arg>xpath=//div/div/div/div/ul/li[1]/div//a</arg>
<doc>Click the element identified by ``locator``.</doc>
<msg timestamp="20230823 21:52:13.264" level="INFO">Clicking element 'xpath=//div/div/div/div/ul/li[1]/div//a'.</msg>
<status status="PASS" starttime="20230823 21:52:13.263" endtime="20230823 21:52:17.591"/>
</kw>
<kw name="Click Element" library="SeleniumLibrary">
<arg>xpath=//div[1]/div[2]/div[3]/a</arg>
<doc>Click the element identified by ``locator``.</doc>
<msg timestamp="20230823 21:52:17.592" level="INFO">Clicking element 'xpath=//div[1]/div[2]/div[3]/a'.</msg>
<status status="PASS" starttime="20230823 21:52:17.591" endtime="20230823 21:52:18.693"/>
</kw>
<kw name="Click Element" library="SeleniumLibrary">
<arg>xpath=//div[9]/div[2]/div[3]/a</arg>
<doc>Click the element identified by ``locator``.</doc>
<msg timestamp="20230823 21:52:18.694" level="INFO">Clicking element 'xpath=//div[9]/div[2]/div[3]/a'.</msg>
<status status="PASS" starttime="20230823 21:52:18.693" endtime="20230823 21:52:19.024"/>
</kw>
<kw name="Click Element" library="SeleniumLibrary">
<arg>xpath=//div[9]/div[2]/div[3]/a</arg>
<doc>Click the element identified by ``locator``.</doc>
<msg timestamp="20230823 21:52:19.026" level="INFO">Clicking element 'xpath=//div[9]/div[2]/div[3]/a'.</msg>
<status status="PASS" starttime="20230823 21:52:19.025" endtime="20230823 21:52:19.678"/>
</kw>
<kw name="Click Element" library="SeleniumLibrary">
<arg>xpath=//div[3]/ul/li/a</arg>
<doc>Click the element identified by ``locator``.</doc>
<msg timestamp="20230823 21:52:19.679" level="INFO">Clicking element 'xpath=//div[3]/ul/li/a'.</msg>
<status status="PASS" starttime="20230823 21:52:19.679" endtime="20230823 21:52:20.676"/>
</kw>
<status status="PASS" starttime="20230823 21:52:06.967" endtime="20230823 21:52:20.677"/>
</kw>
<kw name="Element Text Should Be" library="SeleniumLibrary">
<arg>xpath=//form/div/div[1]/table/tbody/tr[2]/td[2]//a</arg>
<arg>${produto0}</arg>
<doc>Verifies that element ``locator`` contains exact the text ``expected``.</doc>
<msg timestamp="20230823 21:52:20.681" level="INFO">Verifying element 'xpath=//form/div/div[1]/table/tbody/tr[2]/td[2]//a' contains exact text 'ck one shock for him Deodorant'.</msg>
<status status="PASS" starttime="20230823 21:52:20.680" endtime="20230823 21:52:20.717"/>
</kw>
<kw name="Element Text Should Be" library="SeleniumLibrary">
<arg>xpath=//tr[3]/td[2]/a</arg>
<arg>${produto1}</arg>
<doc>Verifies that element ``locator`` contains exact the text ``expected``.</doc>
<msg timestamp="20230823 21:52:20.719" level="INFO">Verifying element 'xpath=//tr[3]/td[2]/a' contains exact text 'Armani Code after shave balm'.</msg>
<status status="PASS" starttime="20230823 21:52:20.718" endtime="20230823 21:52:20.743"/>
</kw>
<status status="PASS" starttime="20230823 21:51:44.316" endtime="20230823 21:52:20.746"/>
</test>
<doc>Robot Framework</doc>
<status status="PASS" starttime="20230823 21:51:43.929" endtime="20230823 21:52:20.748"/>
</suite>
<statistics>
<total>
<stat pass="1" fail="0" skip="0">All Tests</stat>
</total>
<tag>
</tag>
<suite>
<stat pass="1" fail="0" skip="0" id="s1" name="Login">Login</stat>
</suite>
</statistics>
<errors>
</errors>
</robot>
